2022-03-27 21:08:10-----大海注册了
2022-03-29 20:24:32-----大海 查看了余额
2022-03-29 20:43:13-----李老师注册了
2022-03-29 20:43:30-----大海 查看了余额
2022-03-29 20:43:30-----李老师 收到 100 转账 李老师
2022-03-29 20:43:36-----大海 查看了余额
2022-03-29 20:43:52-----李老师 查看了余额
2022-03-29 20:55:03-----大海存款了10000
2022-03-29 20:55:09-----大海 查看了余额
2022-03-29 21:08:01-----大海 查看了余额
2022-03-29 21:08:01-----大海取了10000
2022-03-29 21:08:06-----大海 查看了余额
2022-03-29 21:10:14-----大海 查看银行流水
2022-03-29 21:10:36-----大海 查看银行流水
2022-03-29 21:11:27-----大海 查看银行流水
2022-03-29 21:31:17-----大海 查看了余额
2022-03-29 21:31:45-----大海 消费了 8120 元钱
2022-03-29 21:31:45-----大海 花费 8120 购买了 {'coffe': {'price': 60, 'count': 2}, 'iPhone': {'price': 8000, 'count': 1}, 'chicken': {'price': 60, 'count': 3}}
2022-03-29 21:32:52-----大海 查看了余额
2022-03-29 21:33:35-----大海 查看了余额
2022-03-29 21:33:43-----大海 消费了 140 元钱
2022-03-29 21:33:43-----大海 花费 140 购买了 {'coffe': {'price': 60, 'count': 2}, 'chicken': {'price': 80, 'count': 4}}
2022-03-29 21:37:09-----大海 查看了购物车
2023-07-15 15:17:34-----111注册了
2023-07-15 15:17:49-----111 查看了余额
2023-07-15 15:18:04-----111 查看了余额
2023-07-15 15:19:02-----111 查看银行流水
2023-07-15 15:19:07-----111 查看银行流水
2023-07-15 15:19:13-----111 查看了购物车
